[www.roblox.com/users/7277846975/profile.html]
[backblue.gif]
[fade.gif]
[index.html]
[images.rbxcdn.com/7c5fe83dffa97250aaddd54178900ea7.png]
[www.roblox.com/users/7277846975/GET.2.delayed]
[www.roblox.com/users/7277846975/POST.3.delayed]
[css.rbxcdn.com/4b6b27d98e2c26f64ae53c2073ae9be982e055657a26519bbf962a21e0abec29.css]
[css.rbxcdn.com/8fa43545250dfbd7d96d164fe24e886391fdccc9b87b0dc91ce78933aebcda43.css]
[css.rbxcdn.com/66b2fd496e668938e3b0e2d9a0c12f9f88c3a1a4974608f69059d8061fc0141f.css]
[css.rbxcdn.com/922c06322cd24e8f5e5eabdbe9cedf105238e436f5d554673d0778bba832ec44.css]
[css.rbxcdn.com/c56998f707ed8eb87cbfe169758e4bf5ec378d807483904507f8562ad5b64835.css]
[css.rbxcdn.com/8f55fef5030e6e8f107be51f3320159f08682b053aee5e9f4bcdf7b9327cc957.css]
[css.rbxcdn.com/1d66f5d570d17e3b4ace434bd525e92a0cec84ccca46eb24112ad47c7594ecb6.css]
[css.rbxcdn.com/2c2a709240897ce382b7ff55be4347cd0994ab1e2d6ed3b56649e54b0e97e13a.css]
[css.rbxcdn.com/12cb426f1649d8c5573f65f01b0e69618bd31ed9dbbf7be213d742200307601f.css]
[css.rbxcdn.com/9e359afacbf43adae364437d6c7671f1f7f616d62e584e5a03c08a3db28ac08b.css]
[css.rbxcdn.com/4c3fec0ce872f94f2c2be18e6fd016e43fdc4ccecad591cdaa3a63116f512178.css]
[css.rbxcdn.com/467f43bdbf273ff37c4627800d0f7170b246ff19ce420efe75b7c16dd9f840a7.css]
[css.rbxcdn.com/4cceeaaeb8e3c6f232aab58c2d641ad599c2e19313d9dfc88cb02d8511421dcc.css]
[css.rbxcdn.com/d35986719eb3ab7bbccbbaf01bae69a4921f1715f539717dae9e055cd0491853.css]
[css.rbxcdn.com/3b52cb8ac873496f1b58c2240f0f1149633f3382fedd42594c61da90f803df66.css]
[css.rbxcdn.com/fdbc0173245f68440cbb311624eb6859d2e4024b89281763b7323e318a19c4c0.css]
[css.rbxcdn.com/ac40f6189db79fc54cbe36bfd5f83ecaa6d28d379a5c0dbe65dbdac0f80cb5ad.css]
[css.rbxcdn.com/330f39c0655c2577e0bb0ccef4d6c0902340f8103db3ab37f599b8dc35e1c7db.css]
[css.rbxcdn.com/336216d7fcd008e8831ac95c8abbc4dab5f4f23d6b721dae128b4a905f2e35ce.css]
[css.rbxcdn.com/3c4bd9b17b9020d9ebc87d4542a68a949a9de6150a55a92f0e65514520ee777e.css]
[css.rbxcdn.com/0fd144dfddc01ac3e7993d0305a56cf1027a2aed388c9be44c0d37f565b93048.css]
[css.rbxcdn.com/3bca47a98d58fdf98a7063c4f3b390671e5326ed559813887f3945876c997da6.css]
[css.rbxcdn.com/c5373f0dced8d7be7bb3ad1b978fb8af776157fcc41ad3d5c92d725063c2e6e1.css]
[js.rbxcdn.com/bce44770a3e3313217e86429c0d685dd245a8e4a8f79dc4b8bc6e0936f8e4872.js]
[js.rbxcdn.com/08a545ae1503441b55f5236794feccec.js]
[js.rbxcdn.com/358ad3aa1eb24fc3f1183d478af41316f5d04bae004f77647d885c6b861e67ac.js]
[js.rbxcdn.com/260757df563ab52c2270fe06faebfcf67bc9996c718dd4ed04b61e7f4676306d.js]
[js.rbxcdn.com/341005be30d4e45dde31bae2877e83edbda9f20ad16bd405e240f24050e32623.js]
[js.rbxcdn.com/2ad6b2753f8558f55fc35440842b58f6a8f74b40879dd503fa8394beac7d3370.js]
[roblox.com/js/hsts30f4.js]
[js.rbxcdn.com/c0b9b674b2a87f0aa6358830e63fa62841ce9a3e24f065c5fd33b7e73f22ffa6.js]
[www.roblox.com/users/7277846975/favorites.html]
[images.rbxcdn.com/51328932dedb5d8d61107272cc1a27db.png]
[js.rbxcdn.com/00e1d37a965af4242dc6b296d6c883f0.js]
[images.rbxcdn.com/4bed93c91f909002b1f17f05c0ce13d1.gif]
[js.rbxcdn.com/4bae454bf5dab3028073fea1e91b6f19.js]
[js.rbxcdn.com/558cbed0ebd127bd21f1045302a44c69a092fc29acd3ed983ecd5bcb46ed2e84.js]
[js.rbxcdn.com/83d836a661ff433d5b7ce719c489e43af590ff75ab39ccc6d393546fe91b766a.js]
[js.rbxcdn.com/3549e188c34f5a2d6fd6ff275813b3bc.js]
[js.rbxcdn.com/c5624b5a41fc3ce11d39c7bd2a35af3b3403f4774a2805bc6696306b434d6d7c.js]
[js.rbxcdn.com/71e2a4aaddfd5ac7004c986bb93b96933031153481f24a4dd5ad9999a8c2e062.js]
[js.rbxcdn.com/b79589d3dfb2446936aac95605deaa507ce5bc3e09073bac7dd04872880694c2.js]
[js.rbxcdn.com/2359bfdeb82ced7d627671a3f54e79df65c89aabeffafe46e360a627c8108d63.js]
[js.rbxcdn.com/97dfb46269dd61a1834ab7a89d228d02f61dba167fe65f2ef902b7d7903bd1e7.js]
[js.rbxcdn.com/5259cfe8a3e36118bd61120693dbba3ba87f2c3641f84bb07e29f1d69fe87523.js]
[js.rbxcdn.com/3756ad214dde52cb58a1300177547475.js]
[js.rbxcdn.com/66f0805c73abc8fdb07c1969ecb4e69821afd4c2ada468d7f2fb6daf0d93dc69.js]
[js.rbxcdn.com/47aa20a4d7ec095fabb9db116c99c5c798b2fa37161a5f59a340cb352279596f.js]
[js.rbxcdn.com/417d20fce3fddb17309cd798073e31ce5733c8d1e20dd955dfd2e80a44cdf563.js]
[js.rbxcdn.com/eb3a798058bc3e78ec643b4a208ee981f5b3832f5eb8d8d20e04d47daa0eed86.js]
[js.rbxcdn.com/077dd64734d3aa9a884874f85f2f514a239688c33a0fdf3f90365e0e7436ec3b.js]
[js.rbxcdn.com/d064c41bb0818a1981ea76fac0d1e25142b6117a2197ba92f670612c01ea71f2.js]
[js.rbxcdn.com/c55290a7a9b53c3a9097db6781f8b4e6.js]
[js.rbxcdn.com/1e979a52d80126c2447674c17604baf65f73183fd44df1e6cd862feb441bdcc5.js]
[js.rbxcdn.com/1c8bc37109fd84f255ebad8b6f2edbbc9f0d2b97ef180131d9856ab1852b48c0.js]
[js.rbxcdn.com/85208f99ce501214ee1fa2dcd97b294f330e1a23e9c378d596b9575ee15d7759.js]
[js.rbxcdn.com/d6aff8b56a356dd6d4e5f7e49cce1b769059fc1ea10c8a759efc4731b1ebe072.js]
[js.rbxcdn.com/6e1c369a3b660b37b8637dfee0ef5ff58030f64a762685ebe6ee7528e37f640e.js]
[js.rbxcdn.com/2da1b676b979a60ce3b9471d919f53c6523c606f10e6ba75fa3c168945b8455a.js]
[js.rbxcdn.com/44ff0f2cc820b734456e36bcd3528a30460f0576ff6ff17478b2d84824b64abd.js]
[js.rbxcdn.com/b41227fe1ecc1f4409f2e33f02d4d968f6d6389349d2221f481ff3b34e01a257.js]
[js.rbxcdn.com/e7e3731285889059db29156a67cd4e5358a2dbf2102a88f49403c524cab2ba91.js]
[js.rbxcdn.com/3f0e9ff5dafbd5826c77caf74e5e7d41b7be314b57022de788a0c53d6a3ff036.js]
[js.rbxcdn.com/0fe97bffcb328f446dd0f247d2d42e740d354ef70bd54b9371ece139569a5e72.js]
[js.rbxcdn.com/5a5300a5800d03e45af07f710bbcfae2d6a2f4edea9305cb47a488bb57b74455.js]
[js.rbxcdn.com/88bacf62dae20f1d352d30afbd3df4c64ba7a24c551c6ee02152719cfb11b830.js]
[js.rbxcdn.com/94a14bf31ad0a75d3878f6772e6d5a251e7da9b64894e2176a07f65f4d79d8a3.js]
[js.rbxcdn.com/730fcbf0eba6dd82de9b0029e157627f023e6f448059c5b4c6a4f356222b3ac0.js]
[js.rbxcdn.com/3fec2c529efef400a78a26a5c0a2d33e3e7ec0a13971616a31cd958214c71e37.js]
[js.rbxcdn.com/5fbd8389fb24177a5be64285e12645c445dee91f0a686d5bed5865f0e009d387.js]
[js.rbxcdn.com/2dde7e9f4ee2afeb69e982b825a06322b3b9a4b6f015e0ff804422447f2b33fd.js]
[js.rbxcdn.com/38365a88b25d184116e052825422e21e63e138cbdd19523d932f5707d4f0d122.js]
[js.rbxcdn.com/c4b0a446b38285f3db5472340f4ef27d737c87b78348e36dc7acbcfec89d70bf.js]
[js.rbxcdn.com/4b4ed339879e21ebd989965a4ade1a7d6f3181871df8d816198c1cdc73b629d5.js]
[js.rbxcdn.com/ebc57f8a4aabceab9f38dda880bf11c04f2c92f441e535f0bcaa21b294736e65.js]
[js.rbxcdn.com/55e9182f30571388944215c359582495c9cf39ff1218f2a173415d5d37dd6f18.js]
[js.rbxcdn.com/2d489ad8a92e817f589e0015732300273bd3a92baddef4a03c25f3962a28871f.js]
[js.rbxcdn.com/10ef4a4b892f4fde2e22b11930eafc358dc1ff59e17b44095514daf733a2f101.js]
[js.rbxcdn.com/cd456bb506f1b0b06a2eb645ca018d367185ca84725ec00d524e35ce431f4a8c.js]
[js.rbxcdn.com/15da12f80d11e95cb7d3f8e38f6d57db85cf019da7a9dbc5b409598f692f8fbf.js]
[js.rbxcdn.com/eece21f4735747c13ebeb3eac6d21e7cc9d78b021f48d1818ea700f31bd71c6a.js]
[js.rbxcdn.com/13b3b0cf97cfb5da4538eb0c59f252188b4f724f9328c264a58d24a714e41fe5.js]
[js.rbxcdn.com/8db8d8704b1403e4c919554c73598a33742864def2eb7bf95279260fe5193313.js]
[js.rbxcdn.com/93bfec8bd4ba11fb0c3010513fd9857ccbba036ee67486c87eecc07b75653eca.js]
[js.rbxcdn.com/f1a9bb12bbea74cc80e699950b327eeba71661a20ee8a2c17376c56c2617184d.js]
[js.rbxcdn.com/7f4c2753c55dc89d4c9bf2dbfbf34e224194f6255457c0bd8c8c1ed0e6350f3a.js]
[js.rbxcdn.com/982573f72ec71d14292aa9d5b4fea43c.js]
[js.rbxcdn.com/b37f27692abfd4515ec53562e3bd54cbe3a8e410b7f589d78f413e1e14d511e8.js]
[js.rbxcdn.com/5a130ca7a8a39e0d88f0b43543e6e80e4b8c20405a7af835356add2a156a610f.js]
[js.rbxcdn.com/7693d98990f875a88c91c0385e1b0542bb51913fb34b23f414b6890d90353c40.js]
[js.rbxcdn.com/7043536ec0248f489b68b5e62dd3336f6962fb50d18a65b766453a206a772d4f.js]
[js.rbxcdn.com/77f5d3c9ad53257cbf0289315aa5cc0577a481757f88446af65af5b619a26f3b.js]
[js.rbxcdn.com/c8c72341f6a523e69e4520fa3bf248ea278eb8bfd88cf5a9d72cc5789171c849.js]
[js.rbxcdn.com/8840361a5778ea49d9f3dc0c5dc9562926b3fe8f9daa65871fab9b623a356364.js]
[js.rbxcdn.com/3ad28edeb75946672d1298dabba4aecfc9a70893f865382c596fe6765c9e4175.js]
[js.rbxcdn.com/aff2cdd67a84ad537fb2b3e904411bfa9eb52ab295378592e4a0e7d9df8153ad.js]
[js.rbxcdn.com/4df6ec52559e1c250d3f2e8286e1ffca9f33998dcddcfaf096a4bcd364bbf808.js]
[js.rbxcdn.com/cddef009765ca412658d8c18eaf9fe332b3b54af2143085b8347781a767094f0.js]
[js.rbxcdn.com/4bd1d2c26b9554957dba7a429527fc5b73ff6949c827448ffe265cb819285202.js]
[js.rbxcdn.com/cece4d5f7979c53bd6216c3e028ea658aa8fde7199bb230a13cdefdce4cc35df.js]
[js.rbxcdn.com/24c9fc6bb717efc8a4f4f9726653660b3083ff05e0d191974c98ffe4b689e1b6.js]
[js.rbxcdn.com/05355f4f42e31d8469852179b730ec7f252467eb07a3139c9f3c2551f378bb9c.js]
[js.rbxcdn.com/cf27236499e31b91c6bd8e728286bd2f574f39b5ba635e58c74f8ab3002e4df6.js]
[js.rbxcdn.com/7c1581fd84d98f2ae8838140704fc4e83a44318b154ffb23229886a5af63262a.js]
[js.rbxcdn.com/dd72e669ffe89d0d8a6e8781ea3d809c5eaf25d0b2d864eb06973471dd3a1b0e.js]
[js.rbxcdn.com/8e016e0c283a316103e57d1864ae911d3f5ac5b77010a013291cf9c79dd4370d.js]
[js.rbxcdn.com/cc30dba3e2785d34b0c597b6b68ed626eb523a10be1af90e9aba4972a5784ad5.js]
[js.rbxcdn.com/d9822dc572cf86b228ec347bf96d7c8be5d6be5d5ec045ffd00f1badace99a2a.js]
[js.rbxcdn.com/bf490307834809bbb97ac9f27091c265418f0adb6fab7ccd1111e5399471b5ba.js]
[js.rbxcdn.com/aac542106f7f77697cbc3b36ab3cf0619bf9b69a1af0983e59dfeb6c36652d3b.js]
[js.rbxcdn.com/91450a9877aec43f561d18dd0be86973ab72ecf5e3139743071271e9190844a8.js]
[js.rbxcdn.com/f476cee2e8dd21a8b73ab037f1cebcfc733942af9a8e8408c31e83a643bf8fc0.js]
[js.rbxcdn.com/cb7c16253f1acd9b4a9485a0c7e4f385a8174c3afba89f5a50842ca3caf739bb.js]
[js.rbxcdn.com/d567626d83352bed6fca330a74565b00a42fd88be724fa5ac96f0602d327b416.js]
[js.rbxcdn.com/855c08214cbdf4963cbb067f766f1956e231604b700f2d5013ae97da63a8dd54.js]
[js.rbxcdn.com/17211521162bfb5b3a0ca849972ca55197260191c92f3a36a00536c3221b9a2d.js]
[js.rbxcdn.com/2b53798361a5d3c228e0ec73ce70d47d2d32d982d253ee1b900cd215cdde6eff.js]
[js.rbxcdn.com/001b4a62bc9bbafe42941de51c7c7f37573297ac3e11eef320d3fd7538972cb7.js]
[js.rbxcdn.com/286bf83f913d1914e7e80c962bcd94c6f639dc45b036e433ea8f2b8c4a71f7e6.js]
[js.rbxcdn.com/fb8de862b7fa51dc12e96800cbc339d4eac4131fc0e7834e860e418515687da2.js]
[js.rbxcdn.com/dbe72e91501a9c36585e6c4c919c0368d25b598e7f672d03d792b953a2e9def7.js]
[js.rbxcdn.com/ba8d8575fdb6e0bab85e9715a0084d297ade28957a6e64d73ec56af6c0a648e9.js]
[js.rbxcdn.com/54c13aaea011e94d285d4171277dbaa0a2ec1bf763b408d71f2adc7f72bad919.js]
[js.rbxcdn.com/bd18305af9e4ce41099df37e554eeb1bf2cc139ffba636e356666ccd9d07481c.js]
[js.rbxcdn.com/35f0d01b47b92a779a0eb4c083a91f682d01b13e759d03f4dfe2f87bc608c2c6.js]
[js.rbxcdn.com/e778966a23e02f475d8725623a8dc21579b54a939c52738ec1b6565dc15be9bc.js]
[js.rbxcdn.com/7690ce407e309d09c8dc99ea28c62284f00b76c428dbe85cdd13d93db6bd78d0.js]
[js.rbxcdn.com/1eba4a5ba48b46f09a1576cdd3e3440341efdcebc7150e44b4e743da95e3e830.js]
[js.rbxcdn.com/ebe4ab28d2c5d6e007893c7f3f5afe260a48232b82a2711a86d8f67788d3942c.js]
[js.rbxcdn.com/5e740130ceecbb0e1340b712955c239f6395e918d1558fe7982933b895d728e5.js]
[js.rbxcdn.com/90bb51db086699ec26a6c9df04087678948883f8c3ddd1037c7223a20ff4fe90.js]
[js.rbxcdn.com/846daf4727935bf2ce0c89ac0f21292485a9e326c1485ad9717a862220944abe.js]
[js.rbxcdn.com/64daef195122aa9c881d456010e7b98d698b1c6b1aaba58c81abc27da0db8fed.js]
[www.roblox.com/users/7277846975/profile.html]
[www.roblox.com/users/7277846975/GET.html]
[www.roblox.com/users/7277846975/POST.html]
[js.rbxcdn.com/12d92c0f7b6a87e6f5bd36de18664748.js]
[css.rbxcdn.com/38e00f7de6f417aa3a458560a15e2b8a-GothamSSm-Light.woff2]
[css.rbxcdn.com/4b6b27d98e2c26f64ae53c2073ae9be982e055657a26519bbf962a21e0abec29.css]
[css.rbxcdn.com/b386a6bfc8e0077f1187ab64fa702226-BuilderSans-Thin.woff2]
[css.rbxcdn.com/8fa43545250dfbd7d96d164fe24e886391fdccc9b87b0dc91ce78933aebcda43.css]
[css.rbxcdn.com/d8d1cfe6a81efdc0eaa7a64ddeec42230944f4e6330e5eafafcda10cf9e5286a.css]
[css.rbxcdn.com/b8f8f15a57a66e73469ae72eea7d8905346afa78b9f2397627cd099f7dcc779a.css]
[css.rbxcdn.com/66b2fd496e668938e3b0e2d9a0c12f9f88c3a1a4974608f69059d8061fc0141f.css]
[css.rbxcdn.com/922c06322cd24e8f5e5eabdbe9cedf105238e436f5d554673d0778bba832ec44.css]
[css.rbxcdn.com/c56998f707ed8eb87cbfe169758e4bf5ec378d807483904507f8562ad5b64835.css]
[css.rbxcdn.com/da45920fef8b22d35ee6cce0702d290241252fbfd99695e2abc0934d20de0974.css]
[css.rbxcdn.com/8f55fef5030e6e8f107be51f3320159f08682b053aee5e9f4bcdf7b9327cc957.css]
[css.rbxcdn.com/9bfc48ea40a698035ea8cbe3d3e94bd06d3aac48969bedceb6d8ba5ff17ff84d.css]
[images.rbxcdn.com/2264d9a3c1a5db37835a57235613e4cd-400_440.png]
[css.rbxcdn.com/1d66f5d570d17e3b4ace434bd525e92a0cec84ccca46eb24112ad47c7594ecb6.css]
[css.rbxcdn.com/2c2a709240897ce382b7ff55be4347cd0994ab1e2d6ed3b56649e54b0e97e13a.css]
[css.rbxcdn.com/12cb426f1649d8c5573f65f01b0e69618bd31ed9dbbf7be213d742200307601f.css]
[css.rbxcdn.com/08def520152a575438e73a81aa9a310c2415c327df7b624a24aa6e794d24dba3.css]
[css.rbxcdn.com/9e359afacbf43adae364437d6c7671f1f7f616d62e584e5a03c08a3db28ac08b.css]
[css.rbxcdn.com/4c3fec0ce872f94f2c2be18e6fd016e43fdc4ccecad591cdaa3a63116f512178.css]
[css.rbxcdn.com/467f43bdbf273ff37c4627800d0f7170b246ff19ce420efe75b7c16dd9f840a7.css]
[css.rbxcdn.com/4cceeaaeb8e3c6f232aab58c2d641ad599c2e19313d9dfc88cb02d8511421dcc.css]
[css.rbxcdn.com/1f4a9ebab8bc0b482954036664da35474d7b3a4e087898b0c77fa6f5a9b3a414.css]
[css.rbxcdn.com/d35986719eb3ab7bbccbbaf01bae69a4921f1715f539717dae9e055cd0491853.css]
[css.rbxcdn.com/3b52cb8ac873496f1b58c2240f0f1149633f3382fedd42594c61da90f803df66.css]
[css.rbxcdn.com/fdbc0173245f68440cbb311624eb6859d2e4024b89281763b7323e318a19c4c0.css]
[css.rbxcdn.com/ac40f6189db79fc54cbe36bfd5f83ecaa6d28d379a5c0dbe65dbdac0f80cb5ad.css]
[css.rbxcdn.com/cc693776e7662b9afb39b185b252b4f5e8cfb19436bf079b0bc6e2e970112c9d.css]
[css.rbxcdn.com/330f39c0655c2577e0bb0ccef4d6c0902340f8103db3ab37f599b8dc35e1c7db.css]
[css.rbxcdn.com/b52536edd49882b6c7ffbb39e44d25c8f3a96eceb0bf94b4413e6ae9f6e2477b.css]
[css.rbxcdn.com/336216d7fcd008e8831ac95c8abbc4dab5f4f23d6b721dae128b4a905f2e35ce.css]
[css.rbxcdn.com/3c4bd9b17b9020d9ebc87d4542a68a949a9de6150a55a92f0e65514520ee777e.css]
[images.rbxcdn.com/1081a7ee689c21130c51515c4f404fb9-moneystack.png]
[css.rbxcdn.com/0fd144dfddc01ac3e7993d0305a56cf1027a2aed388c9be44c0d37f565b93048.css]
[images.rbxcdn.com/1bcca464c2031dbd7afc2f89aef781da-shield.png]
[css.rbxcdn.com/3bca47a98d58fdf98a7063c4f3b390671e5326ed559813887f3945876c997da6.css]
[css.rbxcdn.com/d45e200658a1343116bbf4a88c367d093758085e7d001918d641c85b2143468f.css]
[css.rbxcdn.com/c5373f0dced8d7be7bb3ad1b978fb8af776157fcc41ad3d5c92d725063c2e6e1.css]
[css.rbxcdn.com/d5a3728b78be729b693aadf79a1f45f0fa49c15fe863a0d7dd631b75f9e82207.css]
[ecsv2.roblox.com/www/e.png]
[css.rbxcdn.com/d7bd9d38d18f1aa66e2d77b668281313158003e6986fddb40f441bb8ed392605.css]
[css.rbxcdn.com/2b392bab7b98bef2713600d936b464e39ed97632888f833c91ae94c92fe31456.css]
[css.rbxcdn.com/618693ffbf5816dc3b11dca8458ad2ed828634cb412c64c97dfacd3c97b20955.css]
[css.rbxcdn.com/f4fc56f434f0753314f14cb5ce169f6d8878e04332ebe00bd2e53dc5d8d14547.css]
[js.rbxcdn.com/5705e9bb3c313b78f3c16025fce73fbf.js]
[js.rbxcdn.com/966e7d62281fb04569c27fc1c68ae404d0d2385ecc1ed3ceb532bd1623012fb9.js]
[js.rbxcdn.com/bdf661cb5ac1795519633547f133390cd6f57abc5c0fadac912c862d17d6f6eb.js]
[js.rbxcdn.com/41eced6bc5bfe649d39f930615d908d7a6891835d1cde73c58b9199da4867275.js]
[js.rbxcdn.com/6ff70ede78eaecd1e73f2a7b214f0c49914116b4e477a18f08641dc6597f6eca.js]
[js.rbxcdn.com/61c81639330f85e6ec82ed00ca5afd5779814dbecc6d37badbb9c03e42fb1d72.js]
[js.rbxcdn.com/23a4d7c1405e017062c61b8ee0b488a1912d095511cc8dfa82e87ce0f13c5c21.js]
[js.rbxcdn.com/488d89a27ec6bf4359cde0d1b18f3b59715a50064abb6018064fa6a3ac65d6c7.js]
[js.rbxcdn.com/f32d0b6932b41893a40d63fa38708ba0250efc699772ada473f9af3708d32aaa.js]
[js.rbxcdn.com/b9cb209e600aa2b70164e56a7cf4887b1ee00476615eb5d13dee3039951be482.js]
[js.rbxcdn.com/babce206b492515143d22e96c7508c6c11b2f1298a66f5d98b0b2c567c005962.js]
[js.rbxcdn.com/55866488893a04c4722d9470de5e29ae6628b78d2785ad41d6dbbfdcf86bdda7.js]
[js.rbxcdn.com/ecfc68defb6f50b5d6c70e471864c60f351298c34c16ada9209b6689f69aa84a.js]
[js.rbxcdn.com/d5f2470e87549ce4a2b23ea194f2cb7a430e10718150abecd21d8bc4899f2641.js]
[js.rbxcdn.com/69c3f641759f1d3f8d23f837f2011c1bd85ad258641401e27f6562ddf2e84d2e.js]
[js.rbxcdn.com/dcbe6c1a9a3b44698a6b140263802ad0d31aafd6bfe07d2d34a922f0238c5f63.js]
[www.roblox.com/users/7277846975/favorites.html]
[js.rbxcdn.com/752281bc32ed8899ce3e725526bdddde.js]
[css.rbxcdn.com/d7bd9d38d18f1aa66e2d77b668281313158003e6986fddb40f441bb8ed392605.css]
[css.rbxcdn.com/2b392bab7b98bef2713600d936b464e39ed97632888f833c91ae94c92fe31456.css]
[css.rbxcdn.com/618693ffbf5816dc3b11dca8458ad2ed828634cb412c64c97dfacd3c97b20955.css]
[css.rbxcdn.com/f4fc56f434f0753314f14cb5ce169f6d8878e04332ebe00bd2e53dc5d8d14547.css]
[css.rbxcdn.com/0c78732112b25b5e37a2649997142acaa78c8111502ba364152ff8f496fbd37e.css]
